==82118== Memcheck, a memory error detector
==82118== Copyright (C) 2002-2017, and GNU GPL'd, by Julian Seward et al.
==82118== Using Valgrind-3.18.1 and LibVEX; rerun with -h for copyright info
==82118== Command: ./so_long maps/a.ber
==82118== Parent PID: 78604
==82118== 
==82118== Invalid read of size 8
==82118==    at 0x404931: mlx_put_image_to_window (in /home/szakarya/Desktop/42/so_long/so_long)
==82118==    by 0x403787: put_text (utils.c:34)
==82118==    by 0x403200: to_down (move.c:92)
==82118==    by 0x40279D: key_hook (so_long_func.c:20)
==82118==    by 0x404615: mlx_loop (in /home/szakarya/Desktop/42/so_long/so_long)
==82118==    by 0x40264D: main (main.c:35)
==82118==  Address 0x10 is not stack'd, malloc'd or (recently) free'd
==82118== 
==82118== 
==82118== Process terminating with default action of signal 11 (SIGSEGV)
==82118==  Access not within mapped region at address 0x10
==82118==    at 0x404931: mlx_put_image_to_window (in /home/szakarya/Desktop/42/so_long/so_long)
==82118==    by 0x403787: put_text (utils.c:34)
==82118==    by 0x403200: to_down (move.c:92)
==82118==    by 0x40279D: key_hook (so_long_func.c:20)
==82118==    by 0x404615: mlx_loop (in /home/szakarya/Desktop/42/so_long/so_long)
==82118==    by 0x40264D: main (main.c:35)
==82118==  If you believe this happened as a result of a stack
==82118==  overflow in your program's main thread (unlikely but
==82118==  possible), you can try to increase the size of the
==82118==  main thread stack using the --main-stacksize= flag.
==82118==  The main thread stack size used in this run was 8388608.
==82118== 
==82118== FILE DESCRIPTORS: 5 open (3 std) at exit.
==82118== Open AF_UNIX socket 4: <unknown>
==82118==    at 0x4BF2B3B: socket (syscall-template.S:120)
==82118==    by 0x4D0134D: ??? (in /usr/lib/x86_64-linux-gnu/libxcb.so.1.1.0)
==82118==    by 0x4D03797: xcb_connect_to_display_with_auth_info (in /usr/lib/x86_64-linux-gnu/libxcb.so.1.1.0)
==82118==    by 0x48C5EE9: _XConnectXCB (in /usr/lib/x86_64-linux-gnu/libX11.so.6.4.0)
==82118==    by 0x48B5B68: XOpenDisplay (in /usr/lib/x86_64-linux-gnu/libX11.so.6.4.0)
==82118==    by 0x404217: mlx_init (in /home/szakarya/Desktop/42/so_long/so_long)
==82118==    by 0x4025B8: main (main.c:27)
==82118== 
==82118== Open file descriptor 3: /home/szakarya/Desktop/42/so_long/valgrind.log
==82118==    <inherited from parent>
==82118== 
==82118== 
==82118== HEAP SUMMARY:
==82118==     in use at exit: 178,184 bytes in 605 blocks
==82118==   total heap usage: 3,208 allocs, 2,603 frees, 467,023 bytes allocated
==82118== 
==82118== 1 bytes in 1 blocks are definitely lost in loss record 1 of 79
==82118==    at 0x4848899: malloc (in /usr/libexec/valgrind/vgpreload_memcheck-amd64-linux.so)
==82118==    by 0x406DC1: ft_strdup (in /home/szakarya/Desktop/42/so_long/so_long)
==82118==    by 0x4032B8: get_map (map.c:10)
==82118==    by 0x402590: main (main.c:22)
==82118== 
==82118== 2 bytes in 1 blocks are still reachable in loss record 2 of 79
==82118==    at 0x4848899: malloc (in /usr/libexec/valgrind/vgpreload_memcheck-amd64-linux.so)
==82118==    by 0x4069E8: ft_itoa (in /home/szakarya/Desktop/42/so_long/so_long)
==82118==    by 0x403703: put_text (utils.c:30)
==82118==    by 0x403200: to_down (move.c:92)
==82118==    by 0x40279D: key_hook (so_long_func.c:20)
==82118==    by 0x404615: mlx_loop (in /home/szakarya/Desktop/42/so_long/so_long)
==82118==    by 0x40264D: main (main.c:35)
==82118== 
==82118== 3 bytes in 1 blocks are still reachable in loss record 3 of 79
==82118==    at 0x4848899: malloc (in /usr/libexec/valgrind/vgpreload_memcheck-amd64-linux.so)
==82118==    by 0x4B7358E: strdup (strdup.c:42)
==82118==    by 0x48B5B45: XOpenDisplay (in /usr/lib/x86_64-linux-gnu/libX11.so.6.4.0)
==82118==    by 0x404217: mlx_init (in /home/szakarya/Desktop/42/so_long/so_long)
==82118==    by 0x4025B8: main (main.c:27)
==82118== 
==82118== 8 bytes in 1 blocks are still reachable in loss record 4 of 79
==82118==    at 0x4848899: malloc (in /usr/libexec/valgrind/vgpreload_memcheck-amd64-linux.so)
==82118==    by 0x4B7358E: strdup (strdup.c:42)
==82118==    by 0x48B29AE: XInitExtension (in /usr/lib/x86_64-linux-gnu/libX11.so.6.4.0)
==82118==    by 0x4877820: XextAddDisplay (in /usr/lib/x86_64-linux-gnu/libXext.so.6.4.0)
==82118==    by 0x487C9E2: XShmQueryVersion (in /usr/lib/x86_64-linux-gnu/libXext.so.6.4.0)
==82118==    by 0x404053: mlx_int_deal_shm (in /home/szakarya/Desktop/42/so_long/so_long)
==82118==    by 0x4042D1: mlx_init (in /home/szakarya/Desktop/42/so_long/so_long)
==82118==    by 0x4025B8: main (main.c:27)
==82118== 
==82118== 8 bytes in 1 blocks are still reachable in loss record 5 of 79
==82118==    at 0x4848899: malloc (in /usr/libexec/valgrind/vgpreload_memcheck-amd64-linux.so)
==82118==    by 0x4875B34: ??? (in /usr/lib/x86_64-linux-gnu/libXext.so.6.4.0)
==82118==    by 0x48779DF: XextAddDisplay (in /usr/lib/x86_64-linux-gnu/libXext.so.6.4.0)
==82118==    by 0x487C9E2: XShmQueryVersion (in /usr/lib/x86_64-linux-gnu/libXext.so.6.4.0)
==82118==    by 0x404053: mlx_int_deal_shm (in /home/szakarya/Desktop/42/so_long/so_long)
==82118==    by 0x4042D1: mlx_init (in /home/szakarya/Desktop/42/so_long/so_long)
==82118==    by 0x4025B8: main (main.c:27)
==82118== 
==82118== 8 bytes in 1 blocks are still reachable in loss record 6 of 79
==82118==    at 0x4848899: malloc (in /usr/libexec/valgrind/vgpreload_memcheck-amd64-linux.so)
==82118==    by 0x406B55: ft_strjoin (in /home/szakarya/Desktop/42/so_long/so_long)
==82118==    by 0x40371A: put_text (utils.c:31)
==82118==    by 0x403200: to_down (move.c:92)
==82118==    by 0x40279D: key_hook (so_long_func.c:20)
==82118==    by 0x404615: mlx_loop (in /home/szakarya/Desktop/42/so_long/so_long)
==82118==    by 0x40264D: main (main.c:35)
==82118== 
==82118== 10 bytes in 1 blocks are still reachable in loss record 7 of 79
==82118==    at 0x4848899: malloc (in /usr/libexec/valgrind/vgpreload_memcheck-amd64-linux.so)
==82118==    by 0x4B7358E: strdup (strdup.c:42)
==82118==    by 0x48B29AE: XInitExtension (in /usr/lib/x86_64-linux-gnu/libX11.so.6.4.0)
==82118==    by 0x491C213: XkbUseExtension (in /usr/lib/x86_64-linux-gnu/libX11.so.6.4.0)
==82118==    by 0x48B66A8: XOpenDisplay (in /usr/lib/x86_64-linux-gnu/libX11.so.6.4.0)
==82118==    by 0x404217: mlx_init (in /home/szakarya/Desktop/42/so_long/so_long)
==82118==    by 0x4025B8: main (main.c:27)
==82118== 
==82118== 16 bytes in 1 blocks are still reachable in loss record 8 of 79
==82118==    at 0x4848899: malloc (in /usr/libexec/valgrind/vgpreload_memcheck-amd64-linux.so)
==82118==    by 0x4D032EE: xcb_connect_to_fd (in /usr/lib/x86_64-linux-gnu/libxcb.so.1.1.0)
==82118==    by 0x4D03E6B: xcb_connect_to_display_with_auth_info (in /usr/lib/x86_64-linux-gnu/libxcb.so.1.1.0)
==82118==    by 0x48C5EE9: _XConnectXCB (in /usr/lib/x86_64-linux-gnu/libX11.so.6.4.0)
==82118==    by 0x48B5B68: XOpenDisplay (in /usr/lib/x86_64-linux-gnu/libX11.so.6.4.0)
==82118==    by 0x404217: mlx_init (in /home/szakarya/Desktop/42/so_long/so_long)
==82118==    by 0x4025B8: main (main.c:27)
==82118== 
==82118== 21 bytes in 1 blocks are still reachable in loss record 9 of 79
==82118==    at 0x4848899: malloc (in /usr/libexec/valgrind/vgpreload_memcheck-amd64-linux.so)
==82118==    by 0x48B603E: XOpenDisplay (in /usr/lib/x86_64-linux-gnu/libX11.so.6.4.0)
==82118==    by 0x404217: mlx_init (in /home/szakarya/Desktop/42/so_long/so_long)
==82118==    by 0x4025B8: main (main.c:27)
==82118== 
==82118== 24 bytes in 1 blocks are still reachable in loss record 10 of 79
==82118==    at 0x4848899: malloc (in /usr/libexec/valgrind/vgpreload_memcheck-amd64-linux.so)
==82118==    by 0x4877041: XextCreateExtension (in /usr/lib/x86_64-linux-gnu/libXext.so.6.4.0)
==82118==    by 0x48774CC: ??? (in /usr/lib/x86_64-linux-gnu/libXext.so.6.4.0)
==82118==    by 0x48779C8: XextAddDisplay (in /usr/lib/x86_64-linux-gnu/libXext.so.6.4.0)
==82118==    by 0x487C9E2: XShmQueryVersion (in /usr/lib/x86_64-linux-gnu/libXext.so.6.4.0)
==82118==    by 0x404053: mlx_int_deal_shm (in /home/szakarya/Desktop/42/so_long/so_long)
==82118==    by 0x4042D1: mlx_init (in /home/szakarya/Desktop/42/so_long/so_long)
==82118==    by 0x4025B8: main (main.c:27)
==82118== 
==82118== 24 bytes in 1 blocks are still reachable in loss record 11 of 79
==82118==    at 0x4848899: malloc (in /usr/libexec/valgrind/vgpreload_memcheck-amd64-linux.so)
==82118==    by 0x4B7358E: strdup (strdup.c:42)
==82118==    by 0x48B29AE: XInitExtension (in /usr/lib/x86_64-linux-gnu/libX11.so.6.4.0)
==82118==    by 0x4877820: XextAddDisplay (in /usr/lib/x86_64-linux-gnu/libXext.so.6.4.0)
==82118==    by 0x487750A: ??? (in /usr/lib/x86_64-linux-gnu/libXext.so.6.4.0)
==82118==    by 0x48779C8: XextAddDisplay (in /usr/lib/x86_64-linux-gnu/libXext.so.6.4.0)
==82118==    by 0x487C9E2: XShmQueryVersion (in /usr/lib/x86_64-linux-gnu/libXext.so.6.4.0)
==82118==    by 0x404053: mlx_int_deal_shm (in /home/szakarya/Desktop/42/so_long/so_long)
==82118==    by 0x4042D1: mlx_init (in /home/szakarya/Desktop/42/so_long/so_long)
==82118==    by 0x4025B8: main (main.c:27)
==82118== 
==82118== 24 bytes in 1 blocks are still reachable in loss record 12 of 79
==82118==    at 0x4848899: malloc (in /usr/libexec/valgrind/vgpreload_memcheck-amd64-linux.so)
==82118==    by 0x48779F5: XextAddDisplay (in /usr/lib/x86_64-linux-gnu/libXext.so.6.4.0)
==82118==    by 0x487C9E2: XShmQueryVersion (in /usr/lib/x86_64-linux-gnu/libXext.so.6.4.0)
==82118==    by 0x404053: mlx_int_deal_shm (in /home/szakarya/Desktop/42/so_long/so_long)
==82118==    by 0x4042D1: mlx_init (in /home/szakarya/Desktop/42/so_long/so_long)
==82118==    by 0x4025B8: main (main.c:27)
==82118== 
==82118== 24 bytes in 1 blocks are still reachable in loss record 13 of 79
==82118==    at 0x4848899: malloc (in /usr/libexec/valgrind/vgpreload_memcheck-amd64-linux.so)
==82118==    by 0x48C3A65: ??? (in /usr/lib/x86_64-linux-gnu/libX11.so.6.4.0)
==82118==    by 0x48CC2C6: _XReply (in /usr/lib/x86_64-linux-gnu/libX11.so.6.4.0)
==82118==    by 0x48CC77E: XSync (in /usr/lib/x86_64-linux-gnu/libX11.so.6.4.0)
==82118==    by 0x405E97: mlx_int_new_xshm_image (in /home/szakarya/Desktop/42/so_long/so_long)
==82118==    by 0x4060D2: mlx_new_image (in /home/szakarya/Desktop/42/so_long/so_long)
==82118==    by 0x405207: mlx_int_parse_xpm (in /home/szakarya/Desktop/42/so_long/so_long)
==82118==    by 0x405641: mlx_xpm_file_to_image (in /home/szakarya/Desktop/42/so_long/so_long)
==82118==    by 0x402B04: image_change (move.c:23)
==82118==    by 0x40310E: to_down (move.c:83)
==82118==    by 0x40279D: key_hook (so_long_func.c:20)
==82118==    by 0x404615: mlx_loop (in /home/szakarya/Desktop/42/so_long/so_long)
==82118== 
==82118== 29 bytes in 1 blocks are still reachable in loss record 14 of 79
==82118==    at 0x4848899: malloc (in /usr/libexec/valgrind/vgpreload_memcheck-amd64-linux.so)
==82118==    by 0x48AF0CD: _XUpdateAtomCache (in /usr/lib/x86_64-linux-gnu/libX11.so.6.4.0)
==82118==    by 0x48B1929: XInternAtom (in /usr/lib/x86_64-linux-gnu/libX11.so.6.4.0)
==82118==    by 0x4042C2: mlx_init (in /home/szakarya/Desktop/42/so_long/so_long)
==82118==    by 0x4025B8: main (main.c:27)
==82118== 
==82118== 32 bytes in 1 blocks are still reachable in loss record 15 of 79
==82118==    at 0x48487A9: malloc (in /usr/libexec/valgrind/vgpreload_memcheck-amd64-linux.so)
==82118==    by 0x4D0715E: ??? (in /usr/lib/x86_64-linux-gnu/libxcb.so.1.1.0)
==82118==    by 0x4D07237: xcb_get_extension_data (in /usr/lib/x86_64-linux-gnu/libxcb.so.1.1.0)
==82118==    by 0x4D072EE: xcb_prefetch_maximum_request_length (in /usr/lib/x86_64-linux-gnu/libxcb.so.1.1.0)
==82118==    by 0x4D07364: xcb_get_maximum_request_length (in /usr/lib/x86_64-linux-gnu/libxcb.so.1.1.0)
==82118==    by 0x48B652B: XOpenDisplay (in /usr/lib/x86_64-linux-gnu/libX11.so.6.4.0)
==82118==    by 0x404217: mlx_init (in /home/szakarya/Desktop/42/so_long/so_long)
==82118==    by 0x4025B8: main (main.c:27)
==82118== 
==82118== 32 bytes in 1 blocks are still reachable in loss record 16 of 79
==82118==    at 0x4848899: malloc (in /usr/libexec/valgrind/vgpreload_memcheck-amd64-linux.so)
==82118==    by 0x4D001B7: ??? (in /usr/lib/x86_64-linux-gnu/libxcb.so.1.1.0)
==82118==    by 0x4D00A08: ??? (in /usr/lib/x86_64-linux-gnu/libxcb.so.1.1.0)
==82118==    by 0x4D00EB0: ??? (in /usr/lib/x86_64-linux-gnu/libxcb.so.1.1.0)
==82118==    by 0x4D01E44: xcb_wait_for_reply (in /usr/lib/x86_64-linux-gnu/libxcb.so.1.1.0)
==82118==    by 0x4D07292: xcb_get_extension_data (in /usr/lib/x86_64-linux-gnu/libxcb.so.1.1.0)
==82118==    by 0x4D072EE: xcb_prefetch_maximum_request_length (in /usr/lib/x86_64-linux-gnu/libxcb.so.1.1.0)
==82118==    by 0x4D07364: xcb_get_maximum_request_length (in /usr/lib/x86_64-linux-gnu/libxcb.so.1.1.0)
==82118==    by 0x48B652B: XOpenDisplay (in /usr/lib/x86_64-linux-gnu/libX11.so.6.4.0)
==82118==    by 0x404217: mlx_init (in /home/szakarya/Desktop/42/so_long/so_long)
==82118==    by 0x4025B8: main (main.c:27)
==82118== 
==82118== 32 bytes in 1 blocks are still reachable in loss record 17 of 79
==82118==    at 0x4848899: malloc (in /usr/libexec/valgrind/vgpreload_memcheck-amd64-linux.so)
==82118==    by 0x48777FF: XextAddDisplay (in /usr/lib/x86_64-linux-gnu/libXext.so.6.4.0)
==82118==    by 0x487C9E2: XShmQueryVersion (in /usr/lib/x86_64-linux-gnu/libXext.so.6.4.0)
==82118==    by 0x404053: mlx_int_deal_shm (in /home/szakarya/Desktop/42/so_long/so_long)
==82118==    by 0x4042D1: mlx_init (in /home/szakarya/Desktop/42/so_long/so_long)
==82118==    by 0x4025B8: main (main.c:27)
==82118== 
==82118== 32 bytes in 1 blocks are still reachable in loss record 18 of 79
==82118==    at 0x4848899: malloc (in /usr/libexec/valgrind/vgpreload_memcheck-amd64-linux.so)
==82118==    by 0x48777FF: XextAddDisplay (in /usr/lib/x86_64-linux-gnu/libXext.so.6.4.0)
==82118==    by 0x487750A: ??? (in /usr/lib/x86_64-linux-gnu/libXext.so.6.4.0)
==82118==    by 0x48779C8: XextAddDisplay (in /usr/lib/x86_64-linux-gnu/libXext.so.6.4.0)
==82118==    by 0x487C9E2: XShmQueryVersion (in /usr/lib/x86_64-linux-gnu/libXext.so.6.4.0)
==82118==    by 0x404053: mlx_int_deal_shm (in /home/szakarya/Desktop/42/so_long/so_long)
==82118==    by 0x4042D1: mlx_init (in /home/szakarya/Desktop/42/so_long/so_long)
==82118==    by 0x4025B8: main (main.c:27)
==82118== 
==82118== 33 bytes in 1 blocks are still reachable in loss record 19 of 79
==82118==    at 0x4848899: malloc (in /usr/libexec/valgrind/vgpreload_memcheck-amd64-linux.so)
==82118==    by 0x48AF0CD: _XUpdateAtomCache (in /usr/lib/x86_64-linux-gnu/libX11.so.6.4.0)
==82118==    by 0x48B1929: XInternAtom (in /usr/lib/x86_64-linux-gnu/libX11.so.6.4.0)
==82118==    by 0x4042AB: mlx_init (in /home/szakarya/Desktop/42/so_long/so_long)
==82118==    by 0x4025B8: main (main.c:27)
==82118== 
==82118== 40 bytes in 1 blocks are still reachable in loss record 20 of 79
==82118==    at 0x4848899: malloc (in /usr/libexec/valgrind/vgpreload_memcheck-amd64-linux.so)
==82118==    by 0x48C61F1: _XPollfdCacheInit (in /usr/lib/x86_64-linux-gnu/libX11.so.6.4.0)
==82118==    by 0x48B5E71: XOpenDisplay (in /usr/lib/x86_64-linux-gnu/libX11.so.6.4.0)
==82118==    by 0x404217: mlx_init (in /home/szakarya/Desktop/42/so_long/so_long)
==82118==    by 0x4025B8: main (main.c:27)
==82118== 
==82118== 48 bytes in 1 blocks are still reachable in loss record 21 of 79
==82118==    at 0x4848899: malloc (in /usr/libexec/valgrind/vgpreload_memcheck-amd64-linux.so)
==82118==    by 0x48C5E71: _XConnectXCB (in /usr/lib/x86_64-linux-gnu/libX11.so.6.4.0)
==82118==    by 0x48B5B68: XOpenDisplay (in /usr/lib/x86_64-linux-gnu/libX11.so.6.4.0)
==82118==    by 0x404217: mlx_init (in /home/szakarya/Desktop/42/so_long/so_long)
==82118==    by 0x4025B8: main (main.c:27)
==82118== 
==82118== 48 bytes in 1 blocks are still reachable in loss record 22 of 79
==82118==    at 0x4848899: malloc (in /usr/libexec/valgrind/vgpreload_memcheck-amd64-linux.so)
==82118==    by 0x48C5E87: _XConnectXCB (in /usr/lib/x86_64-linux-gnu/libX11.so.6.4.0)
==82118==    by 0x48B5B68: XOpenDisplay (in /usr/lib/x86_64-linux-gnu/libX11.so.6.4.0)
==82118==    by 0x404217: mlx_init (in /home/szakarya/Desktop/42/so_long/so_long)
==82118==    by 0x4025B8: main (main.c:27)
==82118== 
==82118== 48 bytes in 1 blocks are still reachable in loss record 23 of 79
==82118==    at 0x484DA83: calloc (in /usr/libexec/valgrind/vgpreload_memcheck-amd64-linux.so)
==82118==    by 0x49144C0: XkbGetMap (in /usr/lib/x86_64-linux-gnu/libX11.so.6.4.0)
==82118==    by 0x4914542: ??? (in /usr/lib/x86_64-linux-gnu/libX11.so.6.4.0)
==82118==    by 0x49148AF: XkbKeycodeToKeysym (in /usr/lib/x86_64-linux-gnu/libX11.so.6.4.0)
==82118==    by 0x405B57: mlx_int_param_KeyRelease (in /home/szakarya/Desktop/42/so_long/so_long)
==82118==    by 0x404615: mlx_loop (in /home/szakarya/Desktop/42/so_long/so_long)
==82118==    by 0x40264D: main (main.c:35)
==82118== 
==82118== 72 bytes in 1 blocks are still reachable in loss record 24 of 79
==82118==    at 0x4848899: malloc (in /usr/libexec/valgrind/vgpreload_memcheck-amd64-linux.so)
==82118==    by 0x406E8B: ft_split (in /home/szakarya/Desktop/42/so_long/so_long)
==82118==    by 0x403369: get_map (map.c:26)
==82118==    by 0x402590: main (main.c:22)
==82118== 
==82118== 72 bytes in 1 blocks are still reachable in loss record 25 of 79
==82118==    at 0x484DA83: calloc (in /usr/libexec/valgrind/vgpreload_memcheck-amd64-linux.so)
==82118==    by 0x48B5F20: XOpenDisplay (in /usr/lib/x86_64-linux-gnu/libX11.so.6.4.0)
==82118==    by 0x404217: mlx_init (in /home/szakarya/Desktop/42/so_long/so_long)
==82118==    by 0x4025B8: main (main.c:27)
==82118== 
==82118== 72 bytes in 1 blocks are still reachable in loss record 26 of 79
==82118==    at 0x484DA83: calloc (in /usr/libexec/valgrind/vgpreload_memcheck-amd64-linux.so)
==82118==    by 0x49144A4: XkbGetMap (in /usr/lib/x86_64-linux-gnu/libX11.so.6.4.0)
==82118==    by 0x4914542: ??? (in /usr/lib/x86_64-linux-gnu/libX11.so.6.4.0)
==82118==    by 0x49148AF: XkbKeycodeToKeysym (in /usr/lib/x86_64-linux-gnu/libX11.so.6.4.0)
==82118==    by 0x405B57: mlx_int_param_KeyRelease (in /home/szakarya/Desktop/42/so_long/so_long)
==82118==    by 0x404615: mlx_loop (in /home/szakarya/Desktop/42/so_long/so_long)
==82118==    by 0x40264D: main (main.c:35)
==82118== 
==82118== 112 bytes in 1 blocks are still reachable in loss record 27 of 79
==82118==    at 0x484DA83: calloc (in /usr/libexec/valgrind/vgpreload_memcheck-amd64-linux.so)
==82118==    by 0x48C5D72: _XConnectXCB (in /usr/lib/x86_64-linux-gnu/libX11.so.6.4.0)
==82118==    by 0x48B5B68: XOpenDisplay (in /usr/lib/x86_64-linux-gnu/libX11.so.6.4.0)
==82118==    by 0x404217: mlx_init (in /home/szakarya/Desktop/42/so_long/so_long)
==82118==    by 0x4025B8: main (main.c:27)
==82118== 
==82118== 112 bytes in 1 blocks are still reachable in loss record 28 of 79
==82118==    at 0x484DA83: calloc (in /usr/libexec/valgrind/vgpreload_memcheck-amd64-linux.so)
==82118==    by 0x48B6200: XOpenDisplay (in /usr/lib/x86_64-linux-gnu/libX11.so.6.4.0)
==82118==    by 0x404217: mlx_init (in /home/szakarya/Desktop/42/so_long/so_long)
==82118==    by 0x4025B8: main (main.c:27)
==82118== 
==82118== 128 bytes in 1 blocks are still reachable in loss record 29 of 79
==82118==    at 0x484DA83: calloc (in /usr/libexec/valgrind/vgpreload_memcheck-amd64-linux.so)
==82118==    by 0x48B612E: XOpenDisplay (in /usr/lib/x86_64-linux-gnu/libX11.so.6.4.0)
==82118==    by 0x404217: mlx_init (in /home/szakarya/Desktop/42/so_long/so_long)
==82118==    by 0x4025B8: main (main.c:27)
==82118== 
==82118== 128 bytes in 1 blocks are still reachable in loss record 30 of 79
==82118==    at 0x484DA83: calloc (in /usr/libexec/valgrind/vgpreload_memcheck-amd64-linux.so)
==82118==    by 0x48B299E: XInitExtension (in /usr/lib/x86_64-linux-gnu/libX11.so.6.4.0)
==82118==    by 0x491C213: XkbUseExtension (in /usr/lib/x86_64-linux-gnu/libX11.so.6.4.0)
==82118==    by 0x48B66A8: XOpenDisplay (in /usr/lib/x86_64-linux-gnu/libX11.so.6.4.0)
==82118==    by 0x404217: mlx_init (in /home/szakarya/Desktop/42/so_long/so_long)
==82118==    by 0x4025B8: main (main.c:27)
==82118== 
==82118== 128 bytes in 1 blocks are still reachable in loss record 31 of 79
==82118==    at 0x484DA83: calloc (in /usr/libexec/valgrind/vgpreload_memcheck-amd64-linux.so)
==82118==    by 0x48B299E: XInitExtension (in /usr/lib/x86_64-linux-gnu/libX11.so.6.4.0)
==82118==    by 0x4877820: XextAddDisplay (in /usr/lib/x86_64-linux-gnu/libXext.so.6.4.0)
==82118==    by 0x487C9E2: XShmQueryVersion (in /usr/lib/x86_64-linux-gnu/libXext.so.6.4.0)
==82118==    by 0x404053: mlx_int_deal_shm (in /home/szakarya/Desktop/42/so_long/so_long)
==82118==    by 0x4042D1: mlx_init (in /home/szakarya/Desktop/42/so_long/so_long)
==82118==    by 0x4025B8: main (main.c:27)
==82118== 
==82118== 128 bytes in 1 blocks are still reachable in loss record 32 of 79
==82118==    at 0x484DA83: calloc (in /usr/libexec/valgrind/vgpreload_memcheck-amd64-linux.so)
==82118==    by 0x48B299E: XInitExtension (in /usr/lib/x86_64-linux-gnu/libX11.so.6.4.0)
==82118==    by 0x4877820: XextAddDisplay (in /usr/lib/x86_64-linux-gnu/libXext.so.6.4.0)
==82118==    by 0x487750A: ??? (in /usr/lib/x86_64-linux-gnu/libXext.so.6.4.0)
==82118==    by 0x48779C8: XextAddDisplay (in /usr/lib/x86_64-linux-gnu/libXext.so.6.4.0)
==82118==    by 0x487C9E2: XShmQueryVersion (in /usr/lib/x86_64-linux-gnu/libXext.so.6.4.0)
==82118==    by 0x404053: mlx_int_deal_shm (in /home/szakarya/Desktop/42/so_long/so_long)
==82118==    by 0x4042D1: mlx_init (in /home/szakarya/Desktop/42/so_long/so_long)
==82118==    by 0x4025B8: main (main.c:27)
==82118== 
==82118== 136 bytes in 1 blocks are still reachable in loss record 33 of 79
==82118==    at 0x4848899: malloc (in /usr/libexec/valgrind/vgpreload_memcheck-amd64-linux.so)
==82118==    by 0x4041FF: mlx_init (in /home/szakarya/Desktop/42/so_long/so_long)
==82118==    by 0x4025B8: main (main.c:27)
==82118== 
==82118== 136 bytes in 1 blocks are indirectly lost in loss record 34 of 79
==82118==    at 0x484DA83: calloc (in /usr/libexec/valgrind/vgpreload_memcheck-amd64-linux.so)
==82118==    by 0x48760C3: XShmCreateImage (in /usr/lib/x86_64-linux-gnu/libXext.so.6.4.0)
==82118==    by 0x405DD6: mlx_int_new_xshm_image (in /home/szakarya/Desktop/42/so_long/so_long)
==82118==    by 0x4060D2: mlx_new_image (in /home/szakarya/Desktop/42/so_long/so_long)
==82118==    by 0x405207: mlx_int_parse_xpm (in /home/szakarya/Desktop/42/so_long/so_long)
==82118==    by 0x405641: mlx_xpm_file_to_image (in /home/szakarya/Desktop/42/so_long/so_long)
==82118==    by 0x402813: put_image (so_long_func.c:31)
==82118==    by 0x402948: put_image_to_map (so_long_func.c:50)
==82118==    by 0x4029F6: make_map (so_long_func.c:73)
==82118==    by 0x4025E8: main (main.c:30)
==82118== 
==82118== 136 bytes in 1 blocks are indirectly lost in loss record 35 of 79
==82118==    at 0x484DA83: calloc (in /usr/libexec/valgrind/vgpreload_memcheck-amd64-linux.so)
==82118==    by 0x48760C3: XShmCreateImage (in /usr/lib/x86_64-linux-gnu/libXext.so.6.4.0)
==82118==    by 0x405DD6: mlx_int_new_xshm_image (in /home/szakarya/Desktop/42/so_long/so_long)
==82118==    by 0x4060D2: mlx_new_image (in /home/szakarya/Desktop/42/so_long/so_long)
==82118==    by 0x405207: mlx_int_parse_xpm (in /home/szakarya/Desktop/42/so_long/so_long)
==82118==    by 0x405641: mlx_xpm_file_to_image (in /home/szakarya/Desktop/42/so_long/so_long)
==82118==    by 0x402813: put_image (so_long_func.c:31)
==82118==    by 0x402903: put_image_to_map (so_long_func.c:45)
==82118==    by 0x4029F6: make_map (so_long_func.c:73)
==82118==    by 0x4025E8: main (main.c:30)
==82118== 
==82118== 136 bytes in 1 blocks are indirectly lost in loss record 36 of 79
==82118==    at 0x484DA83: calloc (in /usr/libexec/valgrind/vgpreload_memcheck-amd64-linux.so)
==82118==    by 0x48760C3: XShmCreateImage (in /usr/lib/x86_64-linux-gnu/libXext.so.6.4.0)
==82118==    by 0x405DD6: mlx_int_new_xshm_image (in /home/szakarya/Desktop/42/so_long/so_long)
==82118==    by 0x4060D2: mlx_new_image (in /home/szakarya/Desktop/42/so_long/so_long)
==82118==    by 0x405207: mlx_int_parse_xpm (in /home/szakarya/Desktop/42/so_long/so_long)
==82118==    by 0x405641: mlx_xpm_file_to_image (in /home/szakarya/Desktop/42/so_long/so_long)
==82118==    by 0x402B04: image_change (move.c:23)
==82118==    by 0x40310E: to_down (move.c:83)
==82118==    by 0x40279D: key_hook (so_long_func.c:20)
==82118==    by 0x404615: mlx_loop (in /home/szakarya/Desktop/42/so_long/so_long)
==82118==    by 0x40264D: main (main.c:35)
==82118== 
==82118== 150 bytes in 1 blocks are still reachable in loss record 37 of 79
==82118==    at 0x4848899: malloc (in /usr/libexec/valgrind/vgpreload_memcheck-amd64-linux.so)
==82118==    by 0x48B6710: XOpenDisplay (in /usr/lib/x86_64-linux-gnu/libX11.so.6.4.0)
==82118==    by 0x404217: mlx_init (in /home/szakarya/Desktop/42/so_long/so_long)
==82118==    by 0x4025B8: main (main.c:27)
==82118== 
==82118== 152 bytes in 1 blocks are still reachable in loss record 38 of 79
==82118==    at 0x484DA83: calloc (in /usr/libexec/valgrind/vgpreload_memcheck-amd64-linux.so)
==82118==    by 0x491C40E: XkbUseExtension (in /usr/lib/x86_64-linux-gnu/libX11.so.6.4.0)
==82118==    by 0x48B66A8: XOpenDisplay (in /usr/lib/x86_64-linux-gnu/libX11.so.6.4.0)
==82118==    by 0x404217: mlx_init (in /home/szakarya/Desktop/42/so_long/so_long)
==82118==    by 0x4025B8: main (main.c:27)
==82118== 
==82118== 160 bytes in 1 blocks are still reachable in loss record 39 of 79
==82118==    at 0x4848899: malloc (in /usr/libexec/valgrind/vgpreload_memcheck-amd64-linux.so)
==82118==    by 0x48A49EF: XCreateGC (in /usr/lib/x86_64-linux-gnu/libX11.so.6.4.0)
==82118==    by 0x48B65A4: XOpenDisplay (in /usr/lib/x86_64-linux-gnu/libX11.so.6.4.0)
==82118==    by 0x404217: mlx_init (in /home/szakarya/Desktop/42/so_long/so_long)
==82118==    by 0x4025B8: main (main.c:27)
==82118== 
==82118== 160 bytes in 1 blocks are still reachable in loss record 40 of 79
==82118==    at 0x4848899: malloc (in /usr/libexec/valgrind/vgpreload_memcheck-amd64-linux.so)
==82118==    by 0x48A49EF: XCreateGC (in /usr/lib/x86_64-linux-gnu/libX11.so.6.4.0)
==82118==    by 0x40444E: mlx_new_window (in /home/szakarya/Desktop/42/so_long/so_long)
==82118==    by 0x4025DB: main (main.c:28)
==82118== 
==82118== 168 bytes in 1 blocks are still reachable in loss record 41 of 79
==82118==    at 0x484DA83: calloc (in /usr/libexec/valgrind/vgpreload_memcheck-amd64-linux.so)
==82118==    by 0x48B60B2: XOpenDisplay (in /usr/lib/x86_64-linux-gnu/libX11.so.6.4.0)
==82118==    by 0x404217: mlx_init (in /home/szakarya/Desktop/42/so_long/so_long)
==82118==    by 0x4025B8: main (main.c:27)
==82118== 
==82118== 168 bytes in 8 blocks are still reachable in loss record 42 of 79
==82118==    at 0x4848899: malloc (in /usr/libexec/valgrind/vgpreload_memcheck-amd64-linux.so)
==82118==    by 0x40710F: ft_malloc (in /home/szakarya/Desktop/42/so_long/so_long)
==82118==    by 0x40708D: split (in /home/szakarya/Desktop/42/so_long/so_long)
==82118==    by 0x406EC3: ft_split (in /home/szakarya/Desktop/42/so_long/so_long)
==82118==    by 0x403369: get_map (map.c:26)
==82118==    by 0x402590: main (main.c:22)
==82118== 
==82118== 208 bytes in 1 blocks are still reachable in loss record 43 of 79
==82118==    at 0x4848899: malloc (in /usr/libexec/valgrind/vgpreload_memcheck-amd64-linux.so)
==82118==    by 0x4875AE9: ??? (in /usr/lib/x86_64-linux-gnu/libXext.so.6.4.0)
==82118==    by 0x48779DF: XextAddDisplay (in /usr/lib/x86_64-linux-gnu/libXext.so.6.4.0)
==82118==    by 0x487C9E2: XShmQueryVersion (in /usr/lib/x86_64-linux-gnu/libXext.so.6.4.0)
==82118==    by 0x404053: mlx_int_deal_shm (in /home/szakarya/Desktop/42/so_long/so_long)
==82118==    by 0x4042D1: mlx_init (in /home/szakarya/Desktop/42/so_long/so_long)
==82118==    by 0x4025B8: main (main.c:27)
==82118== 
==82118== 208 bytes in 1 blocks are still reachable in loss record 44 of 79
==82118==    at 0x4848899: malloc (in /usr/libexec/valgrind/vgpreload_memcheck-amd64-linux.so)
==82118==    by 0x48C7FAE: _XEnq (in /usr/lib/x86_64-linux-gnu/libX11.so.6.4.0)
==82118==    by 0x48CABB6: ??? (in /usr/lib/x86_64-linux-gnu/libX11.so.6.4.0)
==82118==    by 0x48CBEC0: _XReadEvents (in /usr/lib/x86_64-linux-gnu/libX11.so.6.4.0)
==82118==    by 0x48CC205: XWindowEvent (in /usr/lib/x86_64-linux-gnu/libX11.so.6.4.0)
==82118==    by 0x404765: mlx_int_wait_first_expose (in /home/szakarya/Desktop/42/so_long/so_long)
==82118==    by 0x40448D: mlx_new_window (in /home/szakarya/Desktop/42/so_long/so_long)
==82118==    by 0x4025DB: main (main.c:28)
==82118== 
==82118== 208 bytes in 1 blocks are still reachable in loss record 45 of 79
==82118==    at 0x4848899: malloc (in /usr/libexec/valgrind/vgpreload_memcheck-amd64-linux.so)
==82118==    by 0x48C7FAE: _XEnq (in /usr/lib/x86_64-linux-gnu/libX11.so.6.4.0)
==82118==    by 0x48CABB6: ??? (in /usr/lib/x86_64-linux-gnu/libX11.so.6.4.0)
==82118==    by 0x48CC40C: _XReply (in /usr/lib/x86_64-linux-gnu/libX11.so.6.4.0)
==82118==    by 0x48CC77E: XSync (in /usr/lib/x86_64-linux-gnu/libX11.so.6.4.0)
==82118==    by 0x405E97: mlx_int_new_xshm_image (in /home/szakarya/Desktop/42/so_long/so_long)
==82118==    by 0x4060D2: mlx_new_image (in /home/szakarya/Desktop/42/so_long/so_long)
==82118==    by 0x405207: mlx_int_parse_xpm (in /home/szakarya/Desktop/42/so_long/so_long)
==82118==    by 0x405641: mlx_xpm_file_to_image (in /home/szakarya/Desktop/42/so_long/so_long)
==82118==    by 0x402813: put_image (so_long_func.c:31)
==82118==    by 0x402948: put_image_to_map (so_long_func.c:50)
==82118==    by 0x4029F6: make_map (so_long_func.c:73)
==82118== 
==82118== 208 bytes in 1 blocks are still reachable in loss record 46 of 79
==82118==    at 0x4848899: malloc (in /usr/libexec/valgrind/vgpreload_memcheck-amd64-linux.so)
==82118==    by 0x48C7FAE: _XEnq (in /usr/lib/x86_64-linux-gnu/libX11.so.6.4.0)
==82118==    by 0x48CABB6: ??? (in /usr/lib/x86_64-linux-gnu/libX11.so.6.4.0)
==82118==    by 0x48CC40C: _XReply (in /usr/lib/x86_64-linux-gnu/libX11.so.6.4.0)
==82118==    by 0x48CC77E: XSync (in /usr/lib/x86_64-linux-gnu/libX11.so.6.4.0)
==82118==    by 0x405E97: mlx_int_new_xshm_image (in /home/szakarya/Desktop/42/so_long/so_long)
==82118==    by 0x4060D2: mlx_new_image (in /home/szakarya/Desktop/42/so_long/so_long)
==82118==    by 0x405207: mlx_int_parse_xpm (in /home/szakarya/Desktop/42/so_long/so_long)
==82118==    by 0x405641: mlx_xpm_file_to_image (in /home/szakarya/Desktop/42/so_long/so_long)
==82118==    by 0x402813: put_image (so_long_func.c:31)
==82118==    by 0x402903: put_image_to_map (so_long_func.c:45)
==82118==    by 0x4029F6: make_map (so_long_func.c:73)
==82118== 
==82118== 208 bytes in 1 blocks are still reachable in loss record 47 of 79
==82118==    at 0x4848899: malloc (in /usr/libexec/valgrind/vgpreload_memcheck-amd64-linux.so)
==82118==    by 0x48C7FAE: _XEnq (in /usr/lib/x86_64-linux-gnu/libX11.so.6.4.0)
==82118==    by 0x48CABB6: ??? (in /usr/lib/x86_64-linux-gnu/libX11.so.6.4.0)
==82118==    by 0x48CAC69: _XEventsQueued (in /usr/lib/x86_64-linux-gnu/libX11.so.6.4.0)
==82118==    by 0x48A587D: XFlush (in /usr/lib/x86_64-linux-gnu/libX11.so.6.4.0)
==82118==    by 0x402859: put_image (so_long_func.c:32)
==82118==    by 0x40289D: put_image_to_map (so_long_func.c:38)
==82118==    by 0x4029F6: make_map (so_long_func.c:73)
==82118==    by 0x4025E8: main (main.c:30)
==82118== 
==82118== 208 bytes in 1 blocks are still reachable in loss record 48 of 79
==82118==    at 0x4848899: malloc (in /usr/libexec/valgrind/vgpreload_memcheck-amd64-linux.so)
==82118==    by 0x48C7FAE: _XEnq (in /usr/lib/x86_64-linux-gnu/libX11.so.6.4.0)
==82118==    by 0x48CABB6: ??? (in /usr/lib/x86_64-linux-gnu/libX11.so.6.4.0)
==82118==    by 0x48CAC69: _XEventsQueued (in /usr/lib/x86_64-linux-gnu/libX11.so.6.4.0)
==82118==    by 0x48A587D: XFlush (in /usr/lib/x86_64-linux-gnu/libX11.so.6.4.0)
==82118==    by 0x402859: put_image (so_long_func.c:32)
==82118==    by 0x4028C8: put_image_to_map (so_long_func.c:41)
==82118==    by 0x4029F6: make_map (so_long_func.c:73)
==82118==    by 0x4025E8: main (main.c:30)
==82118== 
==82118== 208 bytes in 1 blocks are still reachable in loss record 49 of 79
==82118==    at 0x4848899: malloc (in /usr/libexec/valgrind/vgpreload_memcheck-amd64-linux.so)
==82118==    by 0x48C7FAE: _XEnq (in /usr/lib/x86_64-linux-gnu/libX11.so.6.4.0)
==82118==    by 0x48CABB6: ??? (in /usr/lib/x86_64-linux-gnu/libX11.so.6.4.0)
==82118==    by 0x48CAC69: _XEventsQueued (in /usr/lib/x86_64-linux-gnu/libX11.so.6.4.0)
==82118==    by 0x48A587D: XFlush (in /usr/lib/x86_64-linux-gnu/libX11.so.6.4.0)
==82118==    by 0x404907: mlx_string_put (in /home/szakarya/Desktop/42/so_long/so_long)
==82118==    by 0x402644: main (main.c:33)
==82118== 
==82118== 224 (88 direct, 136 indirect) bytes in 1 blocks are definitely lost in loss record 50 of 79
==82118==    at 0x484DA83: calloc (in /usr/libexec/valgrind/vgpreload_memcheck-amd64-linux.so)
==82118==    by 0x405DAB: mlx_int_new_xshm_image (in /home/szakarya/Desktop/42/so_long/so_long)
==82118==    by 0x4060D2: mlx_new_image (in /home/szakarya/Desktop/42/so_long/so_long)
==82118==    by 0x405207: mlx_int_parse_xpm (in /home/szakarya/Desktop/42/so_long/so_long)
==82118==    by 0x405641: mlx_xpm_file_to_image (in /home/szakarya/Desktop/42/so_long/so_long)
==82118==    by 0x402813: put_image (so_long_func.c:31)
==82118==    by 0x402948: put_image_to_map (so_long_func.c:50)
==82118==    by 0x4029F6: make_map (so_long_func.c:73)
==82118==    by 0x4025E8: main (main.c:30)
==82118== 
==82118== 224 (88 direct, 136 indirect) bytes in 1 blocks are definitely lost in loss record 51 of 79
==82118==    at 0x484DA83: calloc (in /usr/libexec/valgrind/vgpreload_memcheck-amd64-linux.so)
==82118==    by 0x405DAB: mlx_int_new_xshm_image (in /home/szakarya/Desktop/42/so_long/so_long)
==82118==    by 0x4060D2: mlx_new_image (in /home/szakarya/Desktop/42/so_long/so_long)
==82118==    by 0x405207: mlx_int_parse_xpm (in /home/szakarya/Desktop/42/so_long/so_long)
==82118==    by 0x405641: mlx_xpm_file_to_image (in /home/szakarya/Desktop/42/so_long/so_long)
==82118==    by 0x402813: put_image (so_long_func.c:31)
==82118==    by 0x402903: put_image_to_map (so_long_func.c:45)
==82118==    by 0x4029F6: make_map (so_long_func.c:73)
==82118==    by 0x4025E8: main (main.c:30)
==82118== 
==82118== 224 (88 direct, 136 indirect) bytes in 1 blocks are definitely lost in loss record 52 of 79
==82118==    at 0x484DA83: calloc (in /usr/libexec/valgrind/vgpreload_memcheck-amd64-linux.so)
==82118==    by 0x405DAB: mlx_int_new_xshm_image (in /home/szakarya/Desktop/42/so_long/so_long)
==82118==    by 0x4060D2: mlx_new_image (in /home/szakarya/Desktop/42/so_long/so_long)
==82118==    by 0x405207: mlx_int_parse_xpm (in /home/szakarya/Desktop/42/so_long/so_long)
==82118==    by 0x405641: mlx_xpm_file_to_image (in /home/szakarya/Desktop/42/so_long/so_long)
==82118==    by 0x402B04: image_change (move.c:23)
==82118==    by 0x40310E: to_down (move.c:83)
==82118==    by 0x40279D: key_hook (so_long_func.c:20)
==82118==    by 0x404615: mlx_loop (in /home/szakarya/Desktop/42/so_long/so_long)
==82118==    by 0x40264D: main (main.c:35)
==82118== 
==82118== 256 bytes in 1 blocks are still reachable in loss record 53 of 79
==82118==    at 0x484DA83: calloc (in /usr/libexec/valgrind/vgpreload_memcheck-amd64-linux.so)
==82118==    by 0x491955D: XkbAllocClientMap (in /usr/lib/x86_64-linux-gnu/libX11.so.6.4.0)
==82118==    by 0x49140DE: _XkbReadGetMapReply (in /usr/lib/x86_64-linux-gnu/libX11.so.6.4.0)
==82118==    by 0x491441E: XkbGetUpdatedMap (in /usr/lib/x86_64-linux-gnu/libX11.so.6.4.0)
==82118==    by 0x49144F4: XkbGetMap (in /usr/lib/x86_64-linux-gnu/libX11.so.6.4.0)
==82118==    by 0x4914542: ??? (in /usr/lib/x86_64-linux-gnu/libX11.so.6.4.0)
==82118==    by 0x49148AF: XkbKeycodeToKeysym (in /usr/lib/x86_64-linux-gnu/libX11.so.6.4.0)
==82118==    by 0x405B57: mlx_int_param_KeyRelease (in /home/szakarya/Desktop/42/so_long/so_long)
==82118==    by 0x404615: mlx_loop (in /home/szakarya/Desktop/42/so_long/so_long)
==82118==    by 0x40264D: main (main.c:35)
==82118== 
==82118== 344 bytes in 6 blocks are still reachable in loss record 54 of 79
==82118==    at 0x484DA83: calloc (in /usr/libexec/valgrind/vgpreload_memcheck-amd64-linux.so)
==82118==    by 0x49138F5: _XkbReadGetMapReply (in /usr/lib/x86_64-linux-gnu/libX11.so.6.4.0)
==82118==    by 0x491441E: XkbGetUpdatedMap (in /usr/lib/x86_64-linux-gnu/libX11.so.6.4.0)
==82118==    by 0x49144F4: XkbGetMap (in /usr/lib/x86_64-linux-gnu/libX11.so.6.4.0)
==82118==    by 0x4914542: ??? (in /usr/lib/x86_64-linux-gnu/libX11.so.6.4.0)
==82118==    by 0x49148AF: XkbKeycodeToKeysym (in /usr/lib/x86_64-linux-gnu/libX11.so.6.4.0)
==82118==    by 0x405B57: mlx_int_param_KeyRelease (in /home/szakarya/Desktop/42/so_long/so_long)
==82118==    by 0x404615: mlx_loop (in /home/szakarya/Desktop/42/so_long/so_long)
==82118==    by 0x40264D: main (main.c:35)
==82118== 
==82118== 512 bytes in 1 blocks are still reachable in loss record 55 of 79
==82118==    at 0x484DA83: calloc (in /usr/libexec/valgrind/vgpreload_memcheck-amd64-linux.so)
==82118==    by 0x48B146A: ??? (in /usr/lib/x86_64-linux-gnu/libX11.so.6.4.0)
==82118==    by 0x48B184E: XInternAtom (in /usr/lib/x86_64-linux-gnu/libX11.so.6.4.0)
==82118==    by 0x4042AB: mlx_init (in /home/szakarya/Desktop/42/so_long/so_long)
==82118==    by 0x4025B8: main (main.c:27)
==82118== 
==82118== 595 bytes in 7 blocks are definitely lost in loss record 56 of 79
==82118==    at 0x4848899: malloc (in /usr/libexec/valgrind/vgpreload_memcheck-amd64-linux.so)
==82118==    by 0x406B55: ft_strjoin (in /home/szakarya/Desktop/42/so_long/so_long)
==82118==    by 0x403316: get_map (map.c:19)
==82118==    by 0x402590: main (main.c:22)
==82118== 
==82118== 624 bytes in 3 blocks are still reachable in loss record 57 of 79
==82118==    at 0x4848899: malloc (in /usr/libexec/valgrind/vgpreload_memcheck-amd64-linux.so)
==82118==    by 0x48C7FAE: _XEnq (in /usr/lib/x86_64-linux-gnu/libX11.so.6.4.0)
==82118==    by 0x48CABB6: ??? (in /usr/lib/x86_64-linux-gnu/libX11.so.6.4.0)
==82118==    by 0x48CBEC0: _XReadEvents (in /usr/lib/x86_64-linux-gnu/libX11.so.6.4.0)
==82118==    by 0x48CC1D0: XWindowEvent (in /usr/lib/x86_64-linux-gnu/libX11.so.6.4.0)
==82118==    by 0x404765: mlx_int_wait_first_expose (in /home/szakarya/Desktop/42/so_long/so_long)
==82118==    by 0x40448D: mlx_new_window (in /home/szakarya/Desktop/42/so_long/so_long)
==82118==    by 0x4025DB: main (main.c:28)
==82118== 
==82118== 624 bytes in 3 blocks are still reachable in loss record 58 of 79
==82118==    at 0x4848899: malloc (in /usr/libexec/valgrind/vgpreload_memcheck-amd64-linux.so)
==82118==    by 0x48C7FAE: _XEnq (in /usr/lib/x86_64-linux-gnu/libX11.so.6.4.0)
==82118==    by 0x48CABB6: ??? (in /usr/lib/x86_64-linux-gnu/libX11.so.6.4.0)
==82118==    by 0x48CAC69: _XEventsQueued (in /usr/lib/x86_64-linux-gnu/libX11.so.6.4.0)
==82118==    by 0x48A587D: XFlush (in /usr/lib/x86_64-linux-gnu/libX11.so.6.4.0)
==82118==    by 0x402859: put_image (so_long_func.c:32)
==82118==    by 0x402966: put_image_to_map (so_long_func.c:53)
==82118==    by 0x4029F6: make_map (so_long_func.c:73)
==82118==    by 0x4025E8: main (main.c:30)
==82118== 
==82118== 936 bytes in 1 blocks are still reachable in loss record 59 of 79
==82118==    at 0x4848899: malloc (in /usr/libexec/valgrind/vgpreload_memcheck-amd64-linux.so)
==82118==    by 0x4043B0: mlx_new_window (in /home/szakarya/Desktop/42/so_long/so_long)
==82118==    by 0x4025DB: main (main.c:28)
==82118== 
==82118== 1,120 bytes in 1 blocks are still reachable in loss record 60 of 79
==82118==    at 0x484DA83: calloc (in /usr/libexec/valgrind/vgpreload_memcheck-amd64-linux.so)
==82118==    by 0x4919619: XkbAllocClientMap (in /usr/lib/x86_64-linux-gnu/libX11.so.6.4.0)
==82118==    by 0x4913EB7: _XkbReadGetMapReply (in /usr/lib/x86_64-linux-gnu/libX11.so.6.4.0)
==82118==    by 0x491441E: XkbGetUpdatedMap (in /usr/lib/x86_64-linux-gnu/libX11.so.6.4.0)
==82118==    by 0x49144F4: XkbGetMap (in /usr/lib/x86_64-linux-gnu/libX11.so.6.4.0)
==82118==    by 0x4914542: ??? (in /usr/lib/x86_64-linux-gnu/libX11.so.6.4.0)
==82118==    by 0x49148AF: XkbKeycodeToKeysym (in /usr/lib/x86_64-linux-gnu/libX11.so.6.4.0)
==82118==    by 0x405B57: mlx_int_param_KeyRelease (in /home/szakarya/Desktop/42/so_long/so_long)
==82118==    by 0x404615: mlx_loop (in /home/szakarya/Desktop/42/so_long/so_long)
==82118==    by 0x40264D: main (main.c:35)
==82118== 
==82118== 1,248 bytes in 6 blocks are still reachable in loss record 61 of 79
==82118==    at 0x4848899: malloc (in /usr/libexec/valgrind/vgpreload_memcheck-amd64-linux.so)
==82118==    by 0x48C7FAE: _XEnq (in /usr/lib/x86_64-linux-gnu/libX11.so.6.4.0)
==82118==    by 0x48CABB6: ??? (in /usr/lib/x86_64-linux-gnu/libX11.so.6.4.0)
==82118==    by 0x48CBF01: _XReadEvents (in /usr/lib/x86_64-linux-gnu/libX11.so.6.4.0)
==82118==    by 0x48CC1D0: XWindowEvent (in /usr/lib/x86_64-linux-gnu/libX11.so.6.4.0)
==82118==    by 0x404765: mlx_int_wait_first_expose (in /home/szakarya/Desktop/42/so_long/so_long)
==82118==    by 0x40448D: mlx_new_window (in /home/szakarya/Desktop/42/so_long/so_long)
==82118==    by 0x4025DB: main (main.c:28)
==82118== 
==82118== 1,360 bytes in 10 blocks are indirectly lost in loss record 62 of 79
==82118==    at 0x484DA83: calloc (in /usr/libexec/valgrind/vgpreload_memcheck-amd64-linux.so)
==82118==    by 0x48760C3: XShmCreateImage (in /usr/lib/x86_64-linux-gnu/libXext.so.6.4.0)
==82118==    by 0x405DD6: mlx_int_new_xshm_image (in /home/szakarya/Desktop/42/so_long/so_long)
==82118==    by 0x4060D2: mlx_new_image (in /home/szakarya/Desktop/42/so_long/so_long)
==82118==    by 0x405207: mlx_int_parse_xpm (in /home/szakarya/Desktop/42/so_long/so_long)
==82118==    by 0x405641: mlx_xpm_file_to_image (in /home/szakarya/Desktop/42/so_long/so_long)
==82118==    by 0x402813: put_image (so_long_func.c:31)
==82118==    by 0x4028C8: put_image_to_map (so_long_func.c:41)
==82118==    by 0x4029F6: make_map (so_long_func.c:73)
==82118==    by 0x4025E8: main (main.c:30)
==82118== 
==82118== 2,016 bytes in 27 blocks are still reachable in loss record 63 of 79
==82118==    at 0x484DA83: calloc (in /usr/libexec/valgrind/vgpreload_memcheck-amd64-linux.so)
==82118==    by 0x49137DD: _XkbReadGetMapReply (in /usr/lib/x86_64-linux-gnu/libX11.so.6.4.0)
==82118==    by 0x491441E: XkbGetUpdatedMap (in /usr/lib/x86_64-linux-gnu/libX11.so.6.4.0)
==82118==    by 0x49144F4: XkbGetMap (in /usr/lib/x86_64-linux-gnu/libX11.so.6.4.0)
==82118==    by 0x4914542: ??? (in /usr/lib/x86_64-linux-gnu/libX11.so.6.4.0)
==82118==    by 0x49148AF: XkbKeycodeToKeysym (in /usr/lib/x86_64-linux-gnu/libX11.so.6.4.0)
==82118==    by 0x405B57: mlx_int_param_KeyRelease (in /home/szakarya/Desktop/42/so_long/so_long)
==82118==    by 0x404615: mlx_loop (in /home/szakarya/Desktop/42/so_long/so_long)
==82118==    by 0x40264D: main (main.c:35)
==82118== 
==82118== 2,048 bytes in 1 blocks are still reachable in loss record 64 of 79
==82118==    at 0x484DA83: calloc (in /usr/libexec/valgrind/vgpreload_memcheck-amd64-linux.so)
==82118==    by 0x4913914: _XkbReadGetMapReply (in /usr/lib/x86_64-linux-gnu/libX11.so.6.4.0)
==82118==    by 0x491441E: XkbGetUpdatedMap (in /usr/lib/x86_64-linux-gnu/libX11.so.6.4.0)
==82118==    by 0x49144F4: XkbGetMap (in /usr/lib/x86_64-linux-gnu/libX11.so.6.4.0)
==82118==    by 0x4914542: ??? (in /usr/lib/x86_64-linux-gnu/libX11.so.6.4.0)
==82118==    by 0x49148AF: XkbKeycodeToKeysym (in /usr/lib/x86_64-linux-gnu/libX11.so.6.4.0)
==82118==    by 0x405B57: mlx_int_param_KeyRelease (in /home/szakarya/Desktop/42/so_long/so_long)
==82118==    by 0x404615: mlx_loop (in /home/szakarya/Desktop/42/so_long/so_long)
==82118==    by 0x40264D: main (main.c:35)
==82118== 
==82118== 2,080 bytes in 10 blocks are still reachable in loss record 65 of 79
==82118==    at 0x4848899: malloc (in /usr/libexec/valgrind/vgpreload_memcheck-amd64-linux.so)
==82118==    by 0x48C7FAE: _XEnq (in /usr/lib/x86_64-linux-gnu/libX11.so.6.4.0)
==82118==    by 0x48CABB6: ??? (in /usr/lib/x86_64-linux-gnu/libX11.so.6.4.0)
==82118==    by 0x48CC40C: _XReply (in /usr/lib/x86_64-linux-gnu/libX11.so.6.4.0)
==82118==    by 0x48CC77E: XSync (in /usr/lib/x86_64-linux-gnu/libX11.so.6.4.0)
==82118==    by 0x405E97: mlx_int_new_xshm_image (in /home/szakarya/Desktop/42/so_long/so_long)
==82118==    by 0x4060D2: mlx_new_image (in /home/szakarya/Desktop/42/so_long/so_long)
==82118==    by 0x405207: mlx_int_parse_xpm (in /home/szakarya/Desktop/42/so_long/so_long)
==82118==    by 0x405641: mlx_xpm_file_to_image (in /home/szakarya/Desktop/42/so_long/so_long)
==82118==    by 0x402813: put_image (so_long_func.c:31)
==82118==    by 0x4028C8: put_image_to_map (so_long_func.c:41)
==82118==    by 0x4029F6: make_map (so_long_func.c:73)
==82118== 
==82118== 2,240 (880 direct, 1,360 indirect) bytes in 10 blocks are definitely lost in loss record 66 of 79
==82118==    at 0x484DA83: calloc (in /usr/libexec/valgrind/vgpreload_memcheck-amd64-linux.so)
==82118==    by 0x405DAB: mlx_int_new_xshm_image (in /home/szakarya/Desktop/42/so_long/so_long)
==82118==    by 0x4060D2: mlx_new_image (in /home/szakarya/Desktop/42/so_long/so_long)
==82118==    by 0x405207: mlx_int_parse_xpm (in /home/szakarya/Desktop/42/so_long/so_long)
==82118==    by 0x405641: mlx_xpm_file_to_image (in /home/szakarya/Desktop/42/so_long/so_long)
==82118==    by 0x402813: put_image (so_long_func.c:31)
==82118==    by 0x4028C8: put_image_to_map (so_long_func.c:41)
==82118==    by 0x4029F6: make_map (so_long_func.c:73)
==82118==    by 0x4025E8: main (main.c:30)
==82118== 
==82118== 2,496 bytes in 12 blocks are still reachable in loss record 67 of 79
==82118==    at 0x4848899: malloc (in /usr/libexec/valgrind/vgpreload_memcheck-amd64-linux.so)
==82118==    by 0x48C7FAE: _XEnq (in /usr/lib/x86_64-linux-gnu/libX11.so.6.4.0)
==82118==    by 0x48CABB6: ??? (in /usr/lib/x86_64-linux-gnu/libX11.so.6.4.0)
==82118==    by 0x48CBF01: _XReadEvents (in /usr/lib/x86_64-linux-gnu/libX11.so.6.4.0)
==82118==    by 0x48CC205: XWindowEvent (in /usr/lib/x86_64-linux-gnu/libX11.so.6.4.0)
==82118==    by 0x404765: mlx_int_wait_first_expose (in /home/szakarya/Desktop/42/so_long/so_long)
==82118==    by 0x40448D: mlx_new_window (in /home/szakarya/Desktop/42/so_long/so_long)
==82118==    by 0x4025DB: main (main.c:28)
==82118== 
==82118== 4,704 bytes in 1 blocks are still reachable in loss record 68 of 79
==82118==    at 0x484DA83: calloc (in /usr/libexec/valgrind/vgpreload_memcheck-amd64-linux.so)
==82118==    by 0x48B5B31: XOpenDisplay (in /usr/lib/x86_64-linux-gnu/libX11.so.6.4.0)
==82118==    by 0x404217: mlx_init (in /home/szakarya/Desktop/42/so_long/so_long)
==82118==    by 0x4025B8: main (main.c:27)
==82118== 
==82118== 8,840 bytes in 65 blocks are indirectly lost in loss record 69 of 79
==82118==    at 0x484DA83: calloc (in /usr/libexec/valgrind/vgpreload_memcheck-amd64-linux.so)
==82118==    by 0x48760C3: XShmCreateImage (in /usr/lib/x86_64-linux-gnu/libXext.so.6.4.0)
==82118==    by 0x405DD6: mlx_int_new_xshm_image (in /home/szakarya/Desktop/42/so_long/so_long)
==82118==    by 0x4060D2: mlx_new_image (in /home/szakarya/Desktop/42/so_long/so_long)
==82118==    by 0x405207: mlx_int_parse_xpm (in /home/szakarya/Desktop/42/so_long/so_long)
==82118==    by 0x405641: mlx_xpm_file_to_image (in /home/szakarya/Desktop/42/so_long/so_long)
==82118==    by 0x402813: put_image (so_long_func.c:31)
==82118==    by 0x402966: put_image_to_map (so_long_func.c:53)
==82118==    by 0x4029F6: make_map (so_long_func.c:73)
==82118==    by 0x4025E8: main (main.c:30)
==82118== 
==82118== 10,240 bytes in 1 blocks are still reachable in loss record 70 of 79
==82118==    at 0x484DA83: calloc (in /usr/libexec/valgrind/vgpreload_memcheck-amd64-linux.so)
==82118==    by 0x491413E: _XkbReadGetMapReply (in /usr/lib/x86_64-linux-gnu/libX11.so.6.4.0)
==82118==    by 0x491441E: XkbGetUpdatedMap (in /usr/lib/x86_64-linux-gnu/libX11.so.6.4.0)
==82118==    by 0x49144F4: XkbGetMap (in /usr/lib/x86_64-linux-gnu/libX11.so.6.4.0)
==82118==    by 0x4914542: ??? (in /usr/lib/x86_64-linux-gnu/libX11.so.6.4.0)
==82118==    by 0x49148AF: XkbKeycodeToKeysym (in /usr/lib/x86_64-linux-gnu/libX11.so.6.4.0)
==82118==    by 0x405B57: mlx_int_param_KeyRelease (in /home/szakarya/Desktop/42/so_long/so_long)
==82118==    by 0x404615: mlx_loop (in /home/szakarya/Desktop/42/so_long/so_long)
==82118==    by 0x40264D: main (main.c:35)
==82118== 
==82118== 11,152 bytes in 82 blocks are indirectly lost in loss record 71 of 79
==82118==    at 0x484DA83: calloc (in /usr/libexec/valgrind/vgpreload_memcheck-amd64-linux.so)
==82118==    by 0x48760C3: XShmCreateImage (in /usr/lib/x86_64-linux-gnu/libXext.so.6.4.0)
==82118==    by 0x405DD6: mlx_int_new_xshm_image (in /home/szakarya/Desktop/42/so_long/so_long)
==82118==    by 0x4060D2: mlx_new_image (in /home/szakarya/Desktop/42/so_long/so_long)
==82118==    by 0x405207: mlx_int_parse_xpm (in /home/szakarya/Desktop/42/so_long/so_long)
==82118==    by 0x405641: mlx_xpm_file_to_image (in /home/szakarya/Desktop/42/so_long/so_long)
==82118==    by 0x402813: put_image (so_long_func.c:31)
==82118==    by 0x40289D: put_image_to_map (so_long_func.c:38)
==82118==    by 0x4029F6: make_map (so_long_func.c:73)
==82118==    by 0x4025E8: main (main.c:30)
==82118== 
==82118== 12,308 bytes in 1 blocks are still reachable in loss record 72 of 79
==82118==    at 0x484DCD3: realloc (in /usr/libexec/valgrind/vgpreload_memcheck-amd64-linux.so)
==82118==    by 0x4D034FB: xcb_connect_to_fd (in /usr/lib/x86_64-linux-gnu/libxcb.so.1.1.0)
==82118==    by 0x4D03E6B: xcb_connect_to_display_with_auth_info (in /usr/lib/x86_64-linux-gnu/libxcb.so.1.1.0)
==82118==    by 0x48C5EE9: _XConnectXCB (in /usr/lib/x86_64-linux-gnu/libX11.so.6.4.0)
==82118==    by 0x48B5B68: XOpenDisplay (in /usr/lib/x86_64-linux-gnu/libX11.so.6.4.0)
==82118==    by 0x404217: mlx_init (in /home/szakarya/Desktop/42/so_long/so_long)
==82118==    by 0x4025B8: main (main.c:27)
==82118== 
==82118== 12,896 bytes in 62 blocks are still reachable in loss record 73 of 79
==82118==    at 0x4848899: malloc (in /usr/libexec/valgrind/vgpreload_memcheck-amd64-linux.so)
==82118==    by 0x48C7FAE: _XEnq (in /usr/lib/x86_64-linux-gnu/libX11.so.6.4.0)
==82118==    by 0x48CABB6: ??? (in /usr/lib/x86_64-linux-gnu/libX11.so.6.4.0)
==82118==    by 0x48CC40C: _XReply (in /usr/lib/x86_64-linux-gnu/libX11.so.6.4.0)
==82118==    by 0x48CC77E: XSync (in /usr/lib/x86_64-linux-gnu/libX11.so.6.4.0)
==82118==    by 0x405E97: mlx_int_new_xshm_image (in /home/szakarya/Desktop/42/so_long/so_long)
==82118==    by 0x4060D2: mlx_new_image (in /home/szakarya/Desktop/42/so_long/so_long)
==82118==    by 0x405207: mlx_int_parse_xpm (in /home/szakarya/Desktop/42/so_long/so_long)
==82118==    by 0x405641: mlx_xpm_file_to_image (in /home/szakarya/Desktop/42/so_long/so_long)
==82118==    by 0x402813: put_image (so_long_func.c:31)
==82118==    by 0x402966: put_image_to_map (so_long_func.c:53)
==82118==    by 0x4029F6: make_map (so_long_func.c:73)
==82118== 
==82118== 14,560 (5,720 direct, 8,840 indirect) bytes in 65 blocks are definitely lost in loss record 74 of 79
==82118==    at 0x484DA83: calloc (in /usr/libexec/valgrind/vgpreload_memcheck-amd64-linux.so)
==82118==    by 0x405DAB: mlx_int_new_xshm_image (in /home/szakarya/Desktop/42/so_long/so_long)
==82118==    by 0x4060D2: mlx_new_image (in /home/szakarya/Desktop/42/so_long/so_long)
==82118==    by 0x405207: mlx_int_parse_xpm (in /home/szakarya/Desktop/42/so_long/so_long)
==82118==    by 0x405641: mlx_xpm_file_to_image (in /home/szakarya/Desktop/42/so_long/so_long)
==82118==    by 0x402813: put_image (so_long_func.c:31)
==82118==    by 0x402966: put_image_to_map (so_long_func.c:53)
==82118==    by 0x4029F6: make_map (so_long_func.c:73)
==82118==    by 0x4025E8: main (main.c:30)
==82118== 
==82118== 16,384 bytes in 1 blocks are still reachable in loss record 75 of 79
==82118==    at 0x484DA83: calloc (in /usr/libexec/valgrind/vgpreload_memcheck-amd64-linux.so)
==82118==    by 0x48B5EBE: XOpenDisplay (in /usr/lib/x86_64-linux-gnu/libX11.so.6.4.0)
==82118==    by 0x404217: mlx_init (in /home/szakarya/Desktop/42/so_long/so_long)
==82118==    by 0x4025B8: main (main.c:27)
==82118== 
==82118== 17,472 bytes in 84 blocks are still reachable in loss record 76 of 79
==82118==    at 0x4848899: malloc (in /usr/libexec/valgrind/vgpreload_memcheck-amd64-linux.so)
==82118==    by 0x48C7FAE: _XEnq (in /usr/lib/x86_64-linux-gnu/libX11.so.6.4.0)
==82118==    by 0x48CABB6: ??? (in /usr/lib/x86_64-linux-gnu/libX11.so.6.4.0)
==82118==    by 0x48CC40C: _XReply (in /usr/lib/x86_64-linux-gnu/libX11.so.6.4.0)
==82118==    by 0x48CC77E: XSync (in /usr/lib/x86_64-linux-gnu/libX11.so.6.4.0)
==82118==    by 0x405E97: mlx_int_new_xshm_image (in /home/szakarya/Desktop/42/so_long/so_long)
==82118==    by 0x4060D2: mlx_new_image (in /home/szakarya/Desktop/42/so_long/so_long)
==82118==    by 0x405207: mlx_int_parse_xpm (in /home/szakarya/Desktop/42/so_long/so_long)
==82118==    by 0x405641: mlx_xpm_file_to_image (in /home/szakarya/Desktop/42/so_long/so_long)
==82118==    by 0x402813: put_image (so_long_func.c:31)
==82118==    by 0x40289D: put_image_to_map (so_long_func.c:38)
==82118==    by 0x4029F6: make_map (so_long_func.c:73)
==82118== 
==82118== 18,368 (7,216 direct, 11,152 indirect) bytes in 82 blocks are definitely lost in loss record 77 of 79
==82118==    at 0x484DA83: calloc (in /usr/libexec/valgrind/vgpreload_memcheck-amd64-linux.so)
==82118==    by 0x405DAB: mlx_int_new_xshm_image (in /home/szakarya/Desktop/42/so_long/so_long)
==82118==    by 0x4060D2: mlx_new_image (in /home/szakarya/Desktop/42/so_long/so_long)
==82118==    by 0x405207: mlx_int_parse_xpm (in /home/szakarya/Desktop/42/so_long/so_long)
==82118==    by 0x405641: mlx_xpm_file_to_image (in /home/szakarya/Desktop/42/so_long/so_long)
==82118==    by 0x402813: put_image (so_long_func.c:31)
==82118==    by 0x40289D: put_image_to_map (so_long_func.c:38)
==82118==    by 0x4029F6: make_map (so_long_func.c:73)
==82118==    by 0x4025E8: main (main.c:30)
==82118== 
==82118== 21,168 bytes in 1 blocks are still reachable in loss record 78 of 79
==82118==    at 0x484DA83: calloc (in /usr/libexec/valgrind/vgpreload_memcheck-amd64-linux.so)
==82118==    by 0x4D03204: xcb_connect_to_fd (in /usr/lib/x86_64-linux-gnu/libxcb.so.1.1.0)
==82118==    by 0x4D03E6B: xcb_connect_to_display_with_auth_info (in /usr/lib/x86_64-linux-gnu/libxcb.so.1.1.0)
==82118==    by 0x48C5EE9: _XConnectXCB (in /usr/lib/x86_64-linux-gnu/libX11.so.6.4.0)
==82118==    by 0x48B5B68: XOpenDisplay (in /usr/lib/x86_64-linux-gnu/libX11.so.6.4.0)
==82118==    by 0x404217: mlx_init (in /home/szakarya/Desktop/42/so_long/so_long)
==82118==    by 0x4025B8: main (main.c:27)
==82118== 
==82118== 28,224 bytes in 2 blocks are still reachable in loss record 79 of 79
==82118==    at 0x484DA83: calloc (in /usr/libexec/valgrind/vgpreload_memcheck-amd64-linux.so)
==82118==    by 0x48B6290: XOpenDisplay (in /usr/lib/x86_64-linux-gnu/libX11.so.6.4.0)
==82118==    by 0x404217: mlx_init (in /home/szakarya/Desktop/42/so_long/so_long)
==82118==    by 0x4025B8: main (main.c:27)
==82118== 
==82118== LEAK SUMMARY:
==82118==    definitely lost: 14,676 bytes in 168 blocks
==82118==    indirectly lost: 21,760 bytes in 160 blocks
==82118==      possibly lost: 0 bytes in 0 blocks
==82118==    still reachable: 141,748 bytes in 277 blocks
==82118==         suppressed: 0 bytes in 0 blocks
==82118== 
==82118== For lists of detected and suppressed errors, rerun with: -s
==82118== ERROR SUMMARY: 9 errors from 9 contexts (suppressed: 1 from 1)
